2024-10-08 14:54:54 [31merror[39m: Error: Cannot find module 'method-override'
Require stack:
- C:\Users\DELL\OneDrive\Desktop\new test\backend\src\config\express.js
- C:\Users\DELL\OneDrive\Desktop\new test\backend\src\index.js
    at Module._resolveFilename (node:internal/modules/cjs/loader:1140:15)
    at Module._load (node:internal/modules/cjs/loader:981:27)
    at Module.require (node:internal/modules/cjs/loader:1231:19)
    at require (node:internal/modules/helpers:177:18)
    at Object.<anonymous> (C:\Users\DELL\OneDrive\Desktop\new test\backend\src\config\express.js:4:24)
    at Module._compile (node:internal/modules/cjs/loader:1364:14)
    at Module._extensions..js (node:internal/modules/cjs/loader:1422:10)
    at Module.load (node:internal/modules/cjs/loader:1203:32)
    at Module._load (node:internal/modules/cjs/loader:1019:12)
    at Module.require (node:internal/modules/cjs/loader:1231:19)
    at require (node:internal/modules/helpers:177:18)
    at Object.<anonymous> (C:\Users\DELL\OneDrive\Desktop\new test\backend\src\index.js:4:13)
    at Module._compile (node:internal/modules/cjs/loader:1364:14)
    at Module._extensions..js (node:internal/modules/cjs/loader:1422:10)
    at Module.load (node:internal/modules/cjs/loader:1203:32)
    at Module._load (node:internal/modules/cjs/loader:1019:12)
2024-10-08 14:55:04 [31merror[39m: Error: Cannot find module 'method-override'
Require stack:
- C:\Users\DELL\OneDrive\Desktop\new test\backend\src\config\express.js
- C:\Users\DELL\OneDrive\Desktop\new test\backend\src\index.js
    at Module._resolveFilename (node:internal/modules/cjs/loader:1140:15)
    at Module._load (node:internal/modules/cjs/loader:981:27)
    at Module.require (node:internal/modules/cjs/loader:1231:19)
    at require (node:internal/modules/helpers:177:18)
    at Object.<anonymous> (C:\Users\DELL\OneDrive\Desktop\new test\backend\src\config\express.js:4:24)
    at Module._compile (node:internal/modules/cjs/loader:1364:14)
    at Module._extensions..js (node:internal/modules/cjs/loader:1422:10)
    at Module.load (node:internal/modules/cjs/loader:1203:32)
    at Module._load (node:internal/modules/cjs/loader:1019:12)
    at Module.require (node:internal/modules/cjs/loader:1231:19)
    at require (node:internal/modules/helpers:177:18)
    at Object.<anonymous> (C:\Users\DELL\OneDrive\Desktop\new test\backend\src\index.js:4:13)
    at Module._compile (node:internal/modules/cjs/loader:1364:14)
    at Module._extensions..js (node:internal/modules/cjs/loader:1422:10)
    at Module.load (node:internal/modules/cjs/loader:1203:32)
    at Module._load (node:internal/modules/cjs/loader:1019:12)
2024-10-08 14:55:43 [31merror[39m: Error: Cannot find module 'method-override'
Require stack:
- C:\Users\DELL\OneDrive\Desktop\new test\backend\src\config\express.js
- C:\Users\DELL\OneDrive\Desktop\new test\backend\src\index.js
    at Module._resolveFilename (node:internal/modules/cjs/loader:1140:15)
    at Module._load (node:internal/modules/cjs/loader:981:27)
    at Module.require (node:internal/modules/cjs/loader:1231:19)
    at require (node:internal/modules/helpers:177:18)
    at Object.<anonymous> (C:\Users\DELL\OneDrive\Desktop\new test\backend\src\config\express.js:4:24)
    at Module._compile (node:internal/modules/cjs/loader:1364:14)
    at Module._extensions..js (node:internal/modules/cjs/loader:1422:10)
    at Module.load (node:internal/modules/cjs/loader:1203:32)
    at Module._load (node:internal/modules/cjs/loader:1019:12)
    at Module.require (node:internal/modules/cjs/loader:1231:19)
    at require (node:internal/modules/helpers:177:18)
    at Object.<anonymous> (C:\Users\DELL\OneDrive\Desktop\new test\backend\src\index.js:4:13)
    at Module._compile (node:internal/modules/cjs/loader:1364:14)
    at Module._extensions..js (node:internal/modules/cjs/loader:1422:10)
    at Module.load (node:internal/modules/cjs/loader:1203:32)
    at Module._load (node:internal/modules/cjs/loader:1019:12)
2024-10-08 14:55:48 [31merror[39m: Error: Cannot find module 'method-override'
Require stack:
- C:\Users\DELL\OneDrive\Desktop\new test\backend\src\config\express.js
- C:\Users\DELL\OneDrive\Desktop\new test\backend\src\index.js
    at Module._resolveFilename (node:internal/modules/cjs/loader:1140:15)
    at Module._load (node:internal/modules/cjs/loader:981:27)
    at Module.require (node:internal/modules/cjs/loader:1231:19)
    at require (node:internal/modules/helpers:177:18)
    at Object.<anonymous> (C:\Users\DELL\OneDrive\Desktop\new test\backend\src\config\express.js:4:24)
    at Module._compile (node:internal/modules/cjs/loader:1364:14)
    at Module._extensions..js (node:internal/modules/cjs/loader:1422:10)
    at Module.load (node:internal/modules/cjs/loader:1203:32)
    at Module._load (node:internal/modules/cjs/loader:1019:12)
    at Module.require (node:internal/modules/cjs/loader:1231:19)
    at require (node:internal/modules/helpers:177:18)
    at Object.<anonymous> (C:\Users\DELL\OneDrive\Desktop\new test\backend\src\index.js:4:13)
    at Module._compile (node:internal/modules/cjs/loader:1364:14)
    at Module._extensions..js (node:internal/modules/cjs/loader:1422:10)
    at Module.load (node:internal/modules/cjs/loader:1203:32)
    at Module._load (node:internal/modules/cjs/loader:1019:12)
2024-10-08 14:55:53 [31merror[39m: Error: Cannot find module 'method-override'
Require stack:
- C:\Users\DELL\OneDrive\Desktop\new test\backend\src\config\express.js
- C:\Users\DELL\OneDrive\Desktop\new test\backend\src\index.js
    at Module._resolveFilename (node:internal/modules/cjs/loader:1140:15)
    at Module._load (node:internal/modules/cjs/loader:981:27)
    at Module.require (node:internal/modules/cjs/loader:1231:19)
    at require (node:internal/modules/helpers:177:18)
    at Object.<anonymous> (C:\Users\DELL\OneDrive\Desktop\new test\backend\src\config\express.js:4:24)
    at Module._compile (node:internal/modules/cjs/loader:1364:14)
    at Module._extensions..js (node:internal/modules/cjs/loader:1422:10)
    at Module.load (node:internal/modules/cjs/loader:1203:32)
    at Module._load (node:internal/modules/cjs/loader:1019:12)
    at Module.require (node:internal/modules/cjs/loader:1231:19)
    at require (node:internal/modules/helpers:177:18)
    at Object.<anonymous> (C:\Users\DELL\OneDrive\Desktop\new test\backend\src\index.js:4:13)
    at Module._compile (node:internal/modules/cjs/loader:1364:14)
    at Module._extensions..js (node:internal/modules/cjs/loader:1422:10)
    at Module.load (node:internal/modules/cjs/loader:1203:32)
    at Module._load (node:internal/modules/cjs/loader:1019:12)
2024-10-08 15:12:50 [31merror[39m: Error: Cannot find module 'http-status'
Require stack:
- C:\Users\DELL\OneDrive\Desktop\new test\backend\src\api\controllers\job.controller.js
- C:\Users\DELL\OneDrive\Desktop\new test\backend\src\api\controllers\index.js
- C:\Users\DELL\OneDrive\Desktop\new test\backend\src\api\routes\v1\jobs.route.js
- C:\Users\DELL\OneDrive\Desktop\new test\backend\src\api\routes\v1\index.js
- C:\Users\DELL\OneDrive\Desktop\new test\backend\src\config\express.js
- C:\Users\DELL\OneDrive\Desktop\new test\backend\src\index.js
    at Module._resolveFilename (node:internal/modules/cjs/loader:1140:15)
    at Module._load (node:internal/modules/cjs/loader:981:27)
    at Module.require (node:internal/modules/cjs/loader:1231:19)
    at require (node:internal/modules/helpers:177:18)
    at Object.<anonymous> (C:\Users\DELL\OneDrive\Desktop\new test\backend\src\api\controllers\job.controller.js:1:20)
    at Module._compile (node:internal/modules/cjs/loader:1364:14)
    at Module._extensions..js (node:internal/modules/cjs/loader:1422:10)
    at Module.load (node:internal/modules/cjs/loader:1203:32)
    at Module._load (node:internal/modules/cjs/loader:1019:12)
    at Module.require (node:internal/modules/cjs/loader:1231:19)
    at require (node:internal/modules/helpers:177:18)
    at Object.<anonymous> (C:\Users\DELL\OneDrive\Desktop\new test\backend\src\api\controllers\index.js:1:32)
    at Module._compile (node:internal/modules/cjs/loader:1364:14)
    at Module._extensions..js (node:internal/modules/cjs/loader:1422:10)
    at Module.load (node:internal/modules/cjs/loader:1203:32)
    at Module._load (node:internal/modules/cjs/loader:1019:12)
2024-10-08 15:12:57 [31merror[39m: Error: Cannot find module 'http-status'
Require stack:
- C:\Users\DELL\OneDrive\Desktop\new test\backend\src\api\controllers\job.controller.js
- C:\Users\DELL\OneDrive\Desktop\new test\backend\src\api\controllers\index.js
- C:\Users\DELL\OneDrive\Desktop\new test\backend\src\api\routes\v1\jobs.route.js
- C:\Users\DELL\OneDrive\Desktop\new test\backend\src\api\routes\v1\index.js
- C:\Users\DELL\OneDrive\Desktop\new test\backend\src\config\express.js
- C:\Users\DELL\OneDrive\Desktop\new test\backend\src\index.js
    at Module._resolveFilename (node:internal/modules/cjs/loader:1140:15)
    at Module._load (node:internal/modules/cjs/loader:981:27)
    at Module.require (node:internal/modules/cjs/loader:1231:19)
    at require (node:internal/modules/helpers:177:18)
    at Object.<anonymous> (C:\Users\DELL\OneDrive\Desktop\new test\backend\src\api\controllers\job.controller.js:1:20)
    at Module._compile (node:internal/modules/cjs/loader:1364:14)
    at Module._extensions..js (node:internal/modules/cjs/loader:1422:10)
    at Module.load (node:internal/modules/cjs/loader:1203:32)
    at Module._load (node:internal/modules/cjs/loader:1019:12)
    at Module.require (node:internal/modules/cjs/loader:1231:19)
    at require (node:internal/modules/helpers:177:18)
    at Object.<anonymous> (C:\Users\DELL\OneDrive\Desktop\new test\backend\src\api\controllers\index.js:1:32)
    at Module._compile (node:internal/modules/cjs/loader:1364:14)
    at Module._extensions..js (node:internal/modules/cjs/loader:1422:10)
    at Module.load (node:internal/modules/cjs/loader:1203:32)
    at Module._load (node:internal/modules/cjs/loader:1019:12)
2024-10-08 15:13:34 [31merror[39m: Error: Cannot find module 'http-status'
Require stack:
- C:\Users\DELL\OneDrive\Desktop\new test\backend\src\api\controllers\job.controller.js
- C:\Users\DELL\OneDrive\Desktop\new test\backend\src\api\controllers\index.js
- C:\Users\DELL\OneDrive\Desktop\new test\backend\src\api\routes\v1\jobs.route.js
- C:\Users\DELL\OneDrive\Desktop\new test\backend\src\api\routes\v1\index.js
- C:\Users\DELL\OneDrive\Desktop\new test\backend\src\config\express.js
- C:\Users\DELL\OneDrive\Desktop\new test\backend\src\index.js
    at Module._resolveFilename (node:internal/modules/cjs/loader:1140:15)
    at Module._load (node:internal/modules/cjs/loader:981:27)
    at Module.require (node:internal/modules/cjs/loader:1231:19)
    at require (node:internal/modules/helpers:177:18)
    at Object.<anonymous> (C:\Users\DELL\OneDrive\Desktop\new test\backend\src\api\controllers\job.controller.js:1:20)
    at Module._compile (node:internal/modules/cjs/loader:1364:14)
    at Module._extensions..js (node:internal/modules/cjs/loader:1422:10)
    at Module.load (node:internal/modules/cjs/loader:1203:32)
    at Module._load (node:internal/modules/cjs/loader:1019:12)
    at Module.require (node:internal/modules/cjs/loader:1231:19)
    at require (node:internal/modules/helpers:177:18)
    at Object.<anonymous> (C:\Users\DELL\OneDrive\Desktop\new test\backend\src\api\controllers\index.js:1:32)
    at Module._compile (node:internal/modules/cjs/loader:1364:14)
    at Module._extensions..js (node:internal/modules/cjs/loader:1422:10)
    at Module.load (node:internal/modules/cjs/loader:1203:32)
    at Module._load (node:internal/modules/cjs/loader:1019:12)
2024-10-08 15:13:43 [31merror[39m: Error: Cannot find module 'http-status'
Require stack:
- C:\Users\DELL\OneDrive\Desktop\new test\backend\src\api\controllers\job.controller.js
- C:\Users\DELL\OneDrive\Desktop\new test\backend\src\api\controllers\index.js
- C:\Users\DELL\OneDrive\Desktop\new test\backend\src\api\routes\v1\jobs.route.js
- C:\Users\DELL\OneDrive\Desktop\new test\backend\src\api\routes\v1\index.js
- C:\Users\DELL\OneDrive\Desktop\new test\backend\src\config\express.js
- C:\Users\DELL\OneDrive\Desktop\new test\backend\src\index.js
    at Module._resolveFilename (node:internal/modules/cjs/loader:1140:15)
    at Module._load (node:internal/modules/cjs/loader:981:27)
    at Module.require (node:internal/modules/cjs/loader:1231:19)
    at require (node:internal/modules/helpers:177:18)
    at Object.<anonymous> (C:\Users\DELL\OneDrive\Desktop\new test\backend\src\api\controllers\job.controller.js:1:20)
    at Module._compile (node:internal/modules/cjs/loader:1364:14)
    at Module._extensions..js (node:internal/modules/cjs/loader:1422:10)
    at Module.load (node:internal/modules/cjs/loader:1203:32)
    at Module._load (node:internal/modules/cjs/loader:1019:12)
    at Module.require (node:internal/modules/cjs/loader:1231:19)
    at require (node:internal/modules/helpers:177:18)
    at Object.<anonymous> (C:\Users\DELL\OneDrive\Desktop\new test\backend\src\api\controllers\index.js:1:32)
    at Module._compile (node:internal/modules/cjs/loader:1364:14)
    at Module._extensions..js (node:internal/modules/cjs/loader:1422:10)
    at Module.load (node:internal/modules/cjs/loader:1203:32)
    at Module._load (node:internal/modules/cjs/loader:1019:12)
2024-10-08 15:14:53 [31merror[39m: Error: Cannot find module 'http-status'
Require stack:
- C:\Users\DELL\OneDrive\Desktop\new test\backend\src\api\controllers\job.controller.js
- C:\Users\DELL\OneDrive\Desktop\new test\backend\src\api\controllers\index.js
- C:\Users\DELL\OneDrive\Desktop\new test\backend\src\api\routes\v1\jobs.route.js
- C:\Users\DELL\OneDrive\Desktop\new test\backend\src\api\routes\v1\index.js
- C:\Users\DELL\OneDrive\Desktop\new test\backend\src\config\express.js
- C:\Users\DELL\OneDrive\Desktop\new test\backend\src\index.js
    at Module._resolveFilename (node:internal/modules/cjs/loader:1140:15)
    at Module._load (node:internal/modules/cjs/loader:981:27)
    at Module.require (node:internal/modules/cjs/loader:1231:19)
    at require (node:internal/modules/helpers:177:18)
    at Object.<anonymous> (C:\Users\DELL\OneDrive\Desktop\new test\backend\src\api\controllers\job.controller.js:1:20)
    at Module._compile (node:internal/modules/cjs/loader:1364:14)
    at Module._extensions..js (node:internal/modules/cjs/loader:1422:10)
    at Module.load (node:internal/modules/cjs/loader:1203:32)
    at Module._load (node:internal/modules/cjs/loader:1019:12)
    at Module.require (node:internal/modules/cjs/loader:1231:19)
    at require (node:internal/modules/helpers:177:18)
    at Object.<anonymous> (C:\Users\DELL\OneDrive\Desktop\new test\backend\src\api\controllers\index.js:1:32)
    at Module._compile (node:internal/modules/cjs/loader:1364:14)
    at Module._extensions..js (node:internal/modules/cjs/loader:1422:10)
    at Module.load (node:internal/modules/cjs/loader:1203:32)
    at Module._load (node:internal/modules/cjs/loader:1019:12)
2024-10-08 15:15:10 [31merror[39m: Error: Cannot find module 'http-status'
Require stack:
- C:\Users\DELL\OneDrive\Desktop\new test\backend\src\api\controllers\job.controller.js
- C:\Users\DELL\OneDrive\Desktop\new test\backend\src\api\controllers\index.js
- C:\Users\DELL\OneDrive\Desktop\new test\backend\src\api\routes\v1\jobs.route.js
- C:\Users\DELL\OneDrive\Desktop\new test\backend\src\api\routes\v1\index.js
- C:\Users\DELL\OneDrive\Desktop\new test\backend\src\config\express.js
- C:\Users\DELL\OneDrive\Desktop\new test\backend\src\index.js
    at Module._resolveFilename (node:internal/modules/cjs/loader:1140:15)
    at Module._load (node:internal/modules/cjs/loader:981:27)
    at Module.require (node:internal/modules/cjs/loader:1231:19)
    at require (node:internal/modules/helpers:177:18)
    at Object.<anonymous> (C:\Users\DELL\OneDrive\Desktop\new test\backend\src\api\controllers\job.controller.js:1:20)
    at Module._compile (node:internal/modules/cjs/loader:1364:14)
    at Module._extensions..js (node:internal/modules/cjs/loader:1422:10)
    at Module.load (node:internal/modules/cjs/loader:1203:32)
    at Module._load (node:internal/modules/cjs/loader:1019:12)
    at Module.require (node:internal/modules/cjs/loader:1231:19)
    at require (node:internal/modules/helpers:177:18)
    at Object.<anonymous> (C:\Users\DELL\OneDrive\Desktop\new test\backend\src\api\controllers\index.js:1:32)
    at Module._compile (node:internal/modules/cjs/loader:1364:14)
    at Module._extensions..js (node:internal/modules/cjs/loader:1422:10)
    at Module.load (node:internal/modules/cjs/loader:1203:32)
    at Module._load (node:internal/modules/cjs/loader:1019:12)
2024-10-08 15:15:18 [31merror[39m: Error: Cannot find module 'http-status'
Require stack:
- C:\Users\DELL\OneDrive\Desktop\new test\backend\src\api\controllers\job.controller.js
- C:\Users\DELL\OneDrive\Desktop\new test\backend\src\api\controllers\index.js
- C:\Users\DELL\OneDrive\Desktop\new test\backend\src\api\routes\v1\jobs.route.js
- C:\Users\DELL\OneDrive\Desktop\new test\backend\src\api\routes\v1\index.js
- C:\Users\DELL\OneDrive\Desktop\new test\backend\src\config\express.js
- C:\Users\DELL\OneDrive\Desktop\new test\backend\src\index.js
    at Module._resolveFilename (node:internal/modules/cjs/loader:1140:15)
    at Module._load (node:internal/modules/cjs/loader:981:27)
    at Module.require (node:internal/modules/cjs/loader:1231:19)
    at require (node:internal/modules/helpers:177:18)
    at Object.<anonymous> (C:\Users\DELL\OneDrive\Desktop\new test\backend\src\api\controllers\job.controller.js:1:20)
    at Module._compile (node:internal/modules/cjs/loader:1364:14)
    at Module._extensions..js (node:internal/modules/cjs/loader:1422:10)
    at Module.load (node:internal/modules/cjs/loader:1203:32)
    at Module._load (node:internal/modules/cjs/loader:1019:12)
    at Module.require (node:internal/modules/cjs/loader:1231:19)
    at require (node:internal/modules/helpers:177:18)
    at Object.<anonymous> (C:\Users\DELL\OneDrive\Desktop\new test\backend\src\api\controllers\index.js:1:32)
    at Module._compile (node:internal/modules/cjs/loader:1364:14)
    at Module._extensions..js (node:internal/modules/cjs/loader:1422:10)
    at Module.load (node:internal/modules/cjs/loader:1203:32)
    at Module._load (node:internal/modules/cjs/loader:1019:12)
2024-10-08 15:15:32 [31merror[39m: Error: Cannot find module 'http-status'
Require stack:
- C:\Users\DELL\OneDrive\Desktop\new test\backend\src\api\controllers\job.controller.js
- C:\Users\DELL\OneDrive\Desktop\new test\backend\src\api\controllers\index.js
- C:\Users\DELL\OneDrive\Desktop\new test\backend\src\api\routes\v1\jobs.route.js
- C:\Users\DELL\OneDrive\Desktop\new test\backend\src\api\routes\v1\index.js
- C:\Users\DELL\OneDrive\Desktop\new test\backend\src\config\express.js
- C:\Users\DELL\OneDrive\Desktop\new test\backend\src\index.js
    at Module._resolveFilename (node:internal/modules/cjs/loader:1140:15)
    at Module._load (node:internal/modules/cjs/loader:981:27)
    at Module.require (node:internal/modules/cjs/loader:1231:19)
    at require (node:internal/modules/helpers:177:18)
    at Object.<anonymous> (C:\Users\DELL\OneDrive\Desktop\new test\backend\src\api\controllers\job.controller.js:1:20)
    at Module._compile (node:internal/modules/cjs/loader:1364:14)
    at Module._extensions..js (node:internal/modules/cjs/loader:1422:10)
    at Module.load (node:internal/modules/cjs/loader:1203:32)
    at Module._load (node:internal/modules/cjs/loader:1019:12)
    at Module.require (node:internal/modules/cjs/loader:1231:19)
    at require (node:internal/modules/helpers:177:18)
    at Object.<anonymous> (C:\Users\DELL\OneDrive\Desktop\new test\backend\src\api\controllers\index.js:1:32)
    at Module._compile (node:internal/modules/cjs/loader:1364:14)
    at Module._extensions..js (node:internal/modules/cjs/loader:1422:10)
    at Module.load (node:internal/modules/cjs/loader:1203:32)
    at Module._load (node:internal/modules/cjs/loader:1019:12)
2024-10-08 15:15:42 [31merror[39m: Error: Cannot find module 'http-status'
Require stack:
- C:\Users\DELL\OneDrive\Desktop\new test\backend\src\api\controllers\job.controller.js
- C:\Users\DELL\OneDrive\Desktop\new test\backend\src\api\controllers\index.js
- C:\Users\DELL\OneDrive\Desktop\new test\backend\src\api\routes\v1\jobs.route.js
- C:\Users\DELL\OneDrive\Desktop\new test\backend\src\api\routes\v1\index.js
- C:\Users\DELL\OneDrive\Desktop\new test\backend\src\config\express.js
- C:\Users\DELL\OneDrive\Desktop\new test\backend\src\index.js
    at Module._resolveFilename (node:internal/modules/cjs/loader:1140:15)
    at Module._load (node:internal/modules/cjs/loader:981:27)
    at Module.require (node:internal/modules/cjs/loader:1231:19)
    at require (node:internal/modules/helpers:177:18)
    at Object.<anonymous> (C:\Users\DELL\OneDrive\Desktop\new test\backend\src\api\controllers\job.controller.js:1:20)
    at Module._compile (node:internal/modules/cjs/loader:1364:14)
    at Module._extensions..js (node:internal/modules/cjs/loader:1422:10)
    at Module.load (node:internal/modules/cjs/loader:1203:32)
    at Module._load (node:internal/modules/cjs/loader:1019:12)
    at Module.require (node:internal/modules/cjs/loader:1231:19)
    at require (node:internal/modules/helpers:177:18)
    at Object.<anonymous> (C:\Users\DELL\OneDrive\Desktop\new test\backend\src\api\controllers\index.js:1:32)
    at Module._compile (node:internal/modules/cjs/loader:1364:14)
    at Module._extensions..js (node:internal/modules/cjs/loader:1422:10)
    at Module.load (node:internal/modules/cjs/loader:1203:32)
    at Module._load (node:internal/modules/cjs/loader:1019:12)
2024-10-08 15:16:08 [31merror[39m: Error: Cannot find module 'http-status'
Require stack:
- C:\Users\DELL\OneDrive\Desktop\new test\backend\src\api\controllers\job.controller.js
- C:\Users\DELL\OneDrive\Desktop\new test\backend\src\api\controllers\index.js
- C:\Users\DELL\OneDrive\Desktop\new test\backend\src\api\routes\v1\jobs.route.js
- C:\Users\DELL\OneDrive\Desktop\new test\backend\src\api\routes\v1\index.js
- C:\Users\DELL\OneDrive\Desktop\new test\backend\src\config\express.js
- C:\Users\DELL\OneDrive\Desktop\new test\backend\src\index.js
    at Module._resolveFilename (node:internal/modules/cjs/loader:1140:15)
    at Module._load (node:internal/modules/cjs/loader:981:27)
    at Module.require (node:internal/modules/cjs/loader:1231:19)
    at require (node:internal/modules/helpers:177:18)
    at Object.<anonymous> (C:\Users\DELL\OneDrive\Desktop\new test\backend\src\api\controllers\job.controller.js:1:20)
    at Module._compile (node:internal/modules/cjs/loader:1364:14)
    at Module._extensions..js (node:internal/modules/cjs/loader:1422:10)
    at Module.load (node:internal/modules/cjs/loader:1203:32)
    at Module._load (node:internal/modules/cjs/loader:1019:12)
    at Module.require (node:internal/modules/cjs/loader:1231:19)
    at require (node:internal/modules/helpers:177:18)
    at Object.<anonymous> (C:\Users\DELL\OneDrive\Desktop\new test\backend\src\api\controllers\index.js:1:32)
    at Module._compile (node:internal/modules/cjs/loader:1364:14)
    at Module._extensions..js (node:internal/modules/cjs/loader:1422:10)
    at Module.load (node:internal/modules/cjs/loader:1203:32)
    at Module._load (node:internal/modules/cjs/loader:1019:12)
2024-10-08 15:16:21 [31merror[39m: Error: Cannot find module 'http-status'
Require stack:
- C:\Users\DELL\OneDrive\Desktop\new test\backend\src\api\controllers\job.controller.js
- C:\Users\DELL\OneDrive\Desktop\new test\backend\src\api\controllers\index.js
- C:\Users\DELL\OneDrive\Desktop\new test\backend\src\api\routes\v1\jobs.route.js
- C:\Users\DELL\OneDrive\Desktop\new test\backend\src\api\routes\v1\index.js
- C:\Users\DELL\OneDrive\Desktop\new test\backend\src\config\express.js
- C:\Users\DELL\OneDrive\Desktop\new test\backend\src\index.js
    at Module._resolveFilename (node:internal/modules/cjs/loader:1140:15)
    at Module._load (node:internal/modules/cjs/loader:981:27)
    at Module.require (node:internal/modules/cjs/loader:1231:19)
    at require (node:internal/modules/helpers:177:18)
    at Object.<anonymous> (C:\Users\DELL\OneDrive\Desktop\new test\backend\src\api\controllers\job.controller.js:1:20)
    at Module._compile (node:internal/modules/cjs/loader:1364:14)
    at Module._extensions..js (node:internal/modules/cjs/loader:1422:10)
    at Module.load (node:internal/modules/cjs/loader:1203:32)
    at Module._load (node:internal/modules/cjs/loader:1019:12)
    at Module.require (node:internal/modules/cjs/loader:1231:19)
    at require (node:internal/modules/helpers:177:18)
    at Object.<anonymous> (C:\Users\DELL\OneDrive\Desktop\new test\backend\src\api\controllers\index.js:1:32)
    at Module._compile (node:internal/modules/cjs/loader:1364:14)
    at Module._extensions..js (node:internal/modules/cjs/loader:1422:10)
    at Module.load (node:internal/modules/cjs/loader:1203:32)
    at Module._load (node:internal/modules/cjs/loader:1019:12)
2024-10-08 15:16:32 [31merror[39m: Error: Cannot find module 'http-status'
Require stack:
- C:\Users\DELL\OneDrive\Desktop\new test\backend\src\api\controllers\job.controller.js
- C:\Users\DELL\OneDrive\Desktop\new test\backend\src\api\controllers\index.js
- C:\Users\DELL\OneDrive\Desktop\new test\backend\src\api\routes\v1\jobs.route.js
- C:\Users\DELL\OneDrive\Desktop\new test\backend\src\api\routes\v1\index.js
- C:\Users\DELL\OneDrive\Desktop\new test\backend\src\config\express.js
- C:\Users\DELL\OneDrive\Desktop\new test\backend\src\index.js
    at Module._resolveFilename (node:internal/modules/cjs/loader:1140:15)
    at Module._load (node:internal/modules/cjs/loader:981:27)
    at Module.require (node:internal/modules/cjs/loader:1231:19)
    at require (node:internal/modules/helpers:177:18)
    at Object.<anonymous> (C:\Users\DELL\OneDrive\Desktop\new test\backend\src\api\controllers\job.controller.js:1:20)
    at Module._compile (node:internal/modules/cjs/loader:1364:14)
    at Module._extensions..js (node:internal/modules/cjs/loader:1422:10)
    at Module.load (node:internal/modules/cjs/loader:1203:32)
    at Module._load (node:internal/modules/cjs/loader:1019:12)
    at Module.require (node:internal/modules/cjs/loader:1231:19)
    at require (node:internal/modules/helpers:177:18)
    at Object.<anonymous> (C:\Users\DELL\OneDrive\Desktop\new test\backend\src\api\controllers\index.js:1:32)
    at Module._compile (node:internal/modules/cjs/loader:1364:14)
    at Module._extensions..js (node:internal/modules/cjs/loader:1422:10)
    at Module.load (node:internal/modules/cjs/loader:1203:32)
    at Module._load (node:internal/modules/cjs/loader:1019:12)
2024-10-08 15:16:36 [31merror[39m: Error: Route.post() requires a callback function but got a [object Undefined]
    at Route.<computed> [as post] (C:\Users\DELL\OneDrive\Desktop\new test\backend\node_modules\express\lib\router\route.js:216:15)
    at proto.<computed> [as post] (C:\Users\DELL\OneDrive\Desktop\new test\backend\node_modules\express\lib\router\index.js:521:19)
    at Object.<anonymous> (C:\Users\DELL\OneDrive\Desktop\new test\backend\src\api\routes\v1\jobs.route.js:6:8)
    at Module._compile (node:internal/modules/cjs/loader:1364:14)
    at Module._extensions..js (node:internal/modules/cjs/loader:1422:10)
    at Module.load (node:internal/modules/cjs/loader:1203:32)
    at Module._load (node:internal/modules/cjs/loader:1019:12)
    at Module.require (node:internal/modules/cjs/loader:1231:19)
    at require (node:internal/modules/helpers:177:18)
    at Object.<anonymous> (C:\Users\DELL\OneDrive\Desktop\new test\backend\src\api\routes\v1\index.js:2:19)
    at Module._compile (node:internal/modules/cjs/loader:1364:14)
    at Module._extensions..js (node:internal/modules/cjs/loader:1422:10)
    at Module.load (node:internal/modules/cjs/loader:1203:32)
    at Module._load (node:internal/modules/cjs/loader:1019:12)
    at Module.require (node:internal/modules/cjs/loader:1231:19)
    at require (node:internal/modules/helpers:177:18)
2024-10-08 15:16:39 [31merror[39m: Error: Route.post() requires a callback function but got a [object Undefined]
    at Route.<computed> [as post] (C:\Users\DELL\OneDrive\Desktop\new test\backend\node_modules\express\lib\router\route.js:216:15)
    at proto.<computed> [as post] (C:\Users\DELL\OneDrive\Desktop\new test\backend\node_modules\express\lib\router\index.js:521:19)
    at Object.<anonymous> (C:\Users\DELL\OneDrive\Desktop\new test\backend\src\api\routes\v1\jobs.route.js:6:8)
    at Module._compile (node:internal/modules/cjs/loader:1364:14)
    at Module._extensions..js (node:internal/modules/cjs/loader:1422:10)
    at Module.load (node:internal/modules/cjs/loader:1203:32)
    at Module._load (node:internal/modules/cjs/loader:1019:12)
    at Module.require (node:internal/modules/cjs/loader:1231:19)
    at require (node:internal/modules/helpers:177:18)
    at Object.<anonymous> (C:\Users\DELL\OneDrive\Desktop\new test\backend\src\api\routes\v1\index.js:2:19)
    at Module._compile (node:internal/modules/cjs/loader:1364:14)
    at Module._extensions..js (node:internal/modules/cjs/loader:1422:10)
    at Module.load (node:internal/modules/cjs/loader:1203:32)
    at Module._load (node:internal/modules/cjs/loader:1019:12)
    at Module.require (node:internal/modules/cjs/loader:1231:19)
    at require (node:internal/modules/helpers:177:18)
2024-10-08 15:16:46 [31merror[39m: Error: Route.post() requires a callback function but got a [object Undefined]
    at Route.<computed> [as post] (C:\Users\DELL\OneDrive\Desktop\new test\backend\node_modules\express\lib\router\route.js:216:15)
    at proto.<computed> [as post] (C:\Users\DELL\OneDrive\Desktop\new test\backend\node_modules\express\lib\router\index.js:521:19)
    at Object.<anonymous> (C:\Users\DELL\OneDrive\Desktop\new test\backend\src\api\routes\v1\jobs.route.js:6:8)
    at Module._compile (node:internal/modules/cjs/loader:1364:14)
    at Module._extensions..js (node:internal/modules/cjs/loader:1422:10)
    at Module.load (node:internal/modules/cjs/loader:1203:32)
    at Module._load (node:internal/modules/cjs/loader:1019:12)
    at Module.require (node:internal/modules/cjs/loader:1231:19)
    at require (node:internal/modules/helpers:177:18)
    at Object.<anonymous> (C:\Users\DELL\OneDrive\Desktop\new test\backend\src\api\routes\v1\index.js:2:19)
    at Module._compile (node:internal/modules/cjs/loader:1364:14)
    at Module._extensions..js (node:internal/modules/cjs/loader:1422:10)
    at Module.load (node:internal/modules/cjs/loader:1203:32)
    at Module._load (node:internal/modules/cjs/loader:1019:12)
    at Module.require (node:internal/modules/cjs/loader:1231:19)
    at require (node:internal/modules/helpers:177:18)
2024-10-08 15:16:59 [31merror[39m: Error: Cannot find module './job.route'
Require stack:
- C:\Users\DELL\OneDrive\Desktop\new test\backend\src\api\routes\v1\index.js
- C:\Users\DELL\OneDrive\Desktop\new test\backend\src\config\express.js
- C:\Users\DELL\OneDrive\Desktop\new test\backend\src\index.js
    at Module._resolveFilename (node:internal/modules/cjs/loader:1140:15)
    at Module._load (node:internal/modules/cjs/loader:981:27)
    at Module.require (node:internal/modules/cjs/loader:1231:19)
    at require (node:internal/modules/helpers:177:18)
    at Object.<anonymous> (C:\Users\DELL\OneDrive\Desktop\new test\backend\src\api\routes\v1\index.js:2:19)
    at Module._compile (node:internal/modules/cjs/loader:1364:14)
    at Module._extensions..js (node:internal/modules/cjs/loader:1422:10)
    at Module.load (node:internal/modules/cjs/loader:1203:32)
    at Module._load (node:internal/modules/cjs/loader:1019:12)
    at Module.require (node:internal/modules/cjs/loader:1231:19)
    at require (node:internal/modules/helpers:177:18)
    at Object.<anonymous> (C:\Users\DELL\OneDrive\Desktop\new test\backend\src\config\express.js:8:16)
    at Module._compile (node:internal/modules/cjs/loader:1364:14)
    at Module._extensions..js (node:internal/modules/cjs/loader:1422:10)
    at Module.load (node:internal/modules/cjs/loader:1203:32)
    at Module._load (node:internal/modules/cjs/loader:1019:12)
2024-10-08 15:17:05 [31merror[39m: Error: Route.post() requires a callback function but got a [object Undefined]
    at Route.<computed> [as post] (C:\Users\DELL\OneDrive\Desktop\new test\backend\node_modules\express\lib\router\route.js:216:15)
    at proto.<computed> [as post] (C:\Users\DELL\OneDrive\Desktop\new test\backend\node_modules\express\lib\router\index.js:521:19)
    at Object.<anonymous> (C:\Users\DELL\OneDrive\Desktop\new test\backend\src\api\routes\v1\jobs.route.js:6:8)
    at Module._compile (node:internal/modules/cjs/loader:1364:14)
    at Module._extensions..js (node:internal/modules/cjs/loader:1422:10)
    at Module.load (node:internal/modules/cjs/loader:1203:32)
    at Module._load (node:internal/modules/cjs/loader:1019:12)
    at Module.require (node:internal/modules/cjs/loader:1231:19)
    at require (node:internal/modules/helpers:177:18)
    at Object.<anonymous> (C:\Users\DELL\OneDrive\Desktop\new test\backend\src\api\routes\v1\index.js:2:19)
    at Module._compile (node:internal/modules/cjs/loader:1364:14)
    at Module._extensions..js (node:internal/modules/cjs/loader:1422:10)
    at Module.load (node:internal/modules/cjs/loader:1203:32)
    at Module._load (node:internal/modules/cjs/loader:1019:12)
    at Module.require (node:internal/modules/cjs/loader:1231:19)
    at require (node:internal/modules/helpers:177:18)
2024-10-08 15:18:15 [31merror[39m: Error: Cannot find module 'http-status'
Require stack:
- C:\Users\DELL\OneDrive\Desktop\new test\backend\src\api\controllers\job.controller.js
- C:\Users\DELL\OneDrive\Desktop\new test\backend\src\api\controllers\index.js
- C:\Users\DELL\OneDrive\Desktop\new test\backend\src\api\routes\v1\jobs.route.js
- C:\Users\DELL\OneDrive\Desktop\new test\backend\src\api\routes\v1\index.js
- C:\Users\DELL\OneDrive\Desktop\new test\backend\src\config\express.js
- C:\Users\DELL\OneDrive\Desktop\new test\backend\src\index.js
    at Module._resolveFilename (node:internal/modules/cjs/loader:1140:15)
    at Module._load (node:internal/modules/cjs/loader:981:27)
    at Module.require (node:internal/modules/cjs/loader:1231:19)
    at require (node:internal/modules/helpers:177:18)
    at Object.<anonymous> (C:\Users\DELL\OneDrive\Desktop\new test\backend\src\api\controllers\job.controller.js:1:20)
    at Module._compile (node:internal/modules/cjs/loader:1364:14)
    at Module._extensions..js (node:internal/modules/cjs/loader:1422:10)
    at Module.load (node:internal/modules/cjs/loader:1203:32)
    at Module._load (node:internal/modules/cjs/loader:1019:12)
    at Module.require (node:internal/modules/cjs/loader:1231:19)
    at require (node:internal/modules/helpers:177:18)
    at Object.<anonymous> (C:\Users\DELL\OneDrive\Desktop\new test\backend\src\api\controllers\index.js:1:32)
    at Module._compile (node:internal/modules/cjs/loader:1364:14)
    at Module._extensions..js (node:internal/modules/cjs/loader:1422:10)
    at Module.load (node:internal/modules/cjs/loader:1203:32)
    at Module._load (node:internal/modules/cjs/loader:1019:12)
2024-10-08 15:18:21 [31merror[39m: Error: Cannot find module 'http-status'
Require stack:
- C:\Users\DELL\OneDrive\Desktop\new test\backend\src\api\controllers\job.controller.js
- C:\Users\DELL\OneDrive\Desktop\new test\backend\src\api\controllers\index.js
- C:\Users\DELL\OneDrive\Desktop\new test\backend\src\api\routes\v1\jobs.route.js
- C:\Users\DELL\OneDrive\Desktop\new test\backend\src\api\routes\v1\index.js
- C:\Users\DELL\OneDrive\Desktop\new test\backend\src\config\express.js
- C:\Users\DELL\OneDrive\Desktop\new test\backend\src\index.js
    at Module._resolveFilename (node:internal/modules/cjs/loader:1140:15)
    at Module._load (node:internal/modules/cjs/loader:981:27)
    at Module.require (node:internal/modules/cjs/loader:1231:19)
    at require (node:internal/modules/helpers:177:18)
    at Object.<anonymous> (C:\Users\DELL\OneDrive\Desktop\new test\backend\src\api\controllers\job.controller.js:1:20)
    at Module._compile (node:internal/modules/cjs/loader:1364:14)
    at Module._extensions..js (node:internal/modules/cjs/loader:1422:10)
    at Module.load (node:internal/modules/cjs/loader:1203:32)
    at Module._load (node:internal/modules/cjs/loader:1019:12)
    at Module.require (node:internal/modules/cjs/loader:1231:19)
    at require (node:internal/modules/helpers:177:18)
    at Object.<anonymous> (C:\Users\DELL\OneDrive\Desktop\new test\backend\src\api\controllers\index.js:1:32)
    at Module._compile (node:internal/modules/cjs/loader:1364:14)
    at Module._extensions..js (node:internal/modules/cjs/loader:1422:10)
    at Module.load (node:internal/modules/cjs/loader:1203:32)
    at Module._load (node:internal/modules/cjs/loader:1019:12)
2024-10-08 15:18:45 [31merror[39m: Error: Cannot find module 'http-status'
Require stack:
- C:\Users\DELL\OneDrive\Desktop\new test\backend\src\api\controllers\job.controller.js
- C:\Users\DELL\OneDrive\Desktop\new test\backend\src\api\routes\v1\jobs.route.js
- C:\Users\DELL\OneDrive\Desktop\new test\backend\src\api\routes\v1\index.js
- C:\Users\DELL\OneDrive\Desktop\new test\backend\src\config\express.js
- C:\Users\DELL\OneDrive\Desktop\new test\backend\src\index.js
    at Module._resolveFilename (node:internal/modules/cjs/loader:1140:15)
    at Module._load (node:internal/modules/cjs/loader:981:27)
    at Module.require (node:internal/modules/cjs/loader:1231:19)
    at require (node:internal/modules/helpers:177:18)
    at Object.<anonymous> (C:\Users\DELL\OneDrive\Desktop\new test\backend\src\api\controllers\job.controller.js:1:20)
    at Module._compile (node:internal/modules/cjs/loader:1364:14)
    at Module._extensions..js (node:internal/modules/cjs/loader:1422:10)
    at Module.load (node:internal/modules/cjs/loader:1203:32)
    at Module._load (node:internal/modules/cjs/loader:1019:12)
    at Module.require (node:internal/modules/cjs/loader:1231:19)
    at require (node:internal/modules/helpers:177:18)
    at Object.<anonymous> (C:\Users\DELL\OneDrive\Desktop\new test\backend\src\api\routes\v1\jobs.route.js:2:20)
    at Module._compile (node:internal/modules/cjs/loader:1364:14)
    at Module._extensions..js (node:internal/modules/cjs/loader:1422:10)
    at Module.load (node:internal/modules/cjs/loader:1203:32)
    at Module._load (node:internal/modules/cjs/loader:1019:12)
2024-10-08 15:19:00 [31merror[39m: Error: Cannot find module 'http-status'
Require stack:
- C:\Users\DELL\OneDrive\Desktop\new test\backend\src\api\controllers\job.controller.js
- C:\Users\DELL\OneDrive\Desktop\new test\backend\src\api\routes\v1\jobs.route.js
- C:\Users\DELL\OneDrive\Desktop\new test\backend\src\api\routes\v1\index.js
- C:\Users\DELL\OneDrive\Desktop\new test\backend\src\config\express.js
- C:\Users\DELL\OneDrive\Desktop\new test\backend\src\index.js
    at Module._resolveFilename (node:internal/modules/cjs/loader:1140:15)
    at Module._load (node:internal/modules/cjs/loader:981:27)
    at Module.require (node:internal/modules/cjs/loader:1231:19)
    at require (node:internal/modules/helpers:177:18)
    at Object.<anonymous> (C:\Users\DELL\OneDrive\Desktop\new test\backend\src\api\controllers\job.controller.js:1:20)
    at Module._compile (node:internal/modules/cjs/loader:1364:14)
    at Module._extensions..js (node:internal/modules/cjs/loader:1422:10)
    at Module.load (node:internal/modules/cjs/loader:1203:32)
    at Module._load (node:internal/modules/cjs/loader:1019:12)
    at Module.require (node:internal/modules/cjs/loader:1231:19)
    at require (node:internal/modules/helpers:177:18)
    at Object.<anonymous> (C:\Users\DELL\OneDrive\Desktop\new test\backend\src\api\routes\v1\jobs.route.js:2:20)
    at Module._compile (node:internal/modules/cjs/loader:1364:14)
    at Module._extensions..js (node:internal/modules/cjs/loader:1422:10)
    at Module.load (node:internal/modules/cjs/loader:1203:32)
    at Module._load (node:internal/modules/cjs/loader:1019:12)
2024-10-08 15:19:03 [31merror[39m: Error: Cannot find module 'http-status'
Require stack:
- C:\Users\DELL\OneDrive\Desktop\new test\backend\src\api\controllers\job.controller.js
- C:\Users\DELL\OneDrive\Desktop\new test\backend\src\api\routes\v1\jobs.route.js
- C:\Users\DELL\OneDrive\Desktop\new test\backend\src\api\routes\v1\index.js
- C:\Users\DELL\OneDrive\Desktop\new test\backend\src\config\express.js
- C:\Users\DELL\OneDrive\Desktop\new test\backend\src\index.js
    at Module._resolveFilename (node:internal/modules/cjs/loader:1140:15)
    at Module._load (node:internal/modules/cjs/loader:981:27)
    at Module.require (node:internal/modules/cjs/loader:1231:19)
    at require (node:internal/modules/helpers:177:18)
    at Object.<anonymous> (C:\Users\DELL\OneDrive\Desktop\new test\backend\src\api\controllers\job.controller.js:1:20)
    at Module._compile (node:internal/modules/cjs/loader:1364:14)
    at Module._extensions..js (node:internal/modules/cjs/loader:1422:10)
    at Module.load (node:internal/modules/cjs/loader:1203:32)
    at Module._load (node:internal/modules/cjs/loader:1019:12)
    at Module.require (node:internal/modules/cjs/loader:1231:19)
    at require (node:internal/modules/helpers:177:18)
    at Object.<anonymous> (C:\Users\DELL\OneDrive\Desktop\new test\backend\src\api\routes\v1\jobs.route.js:2:20)
    at Module._compile (node:internal/modules/cjs/loader:1364:14)
    at Module._extensions..js (node:internal/modules/cjs/loader:1422:10)
    at Module.load (node:internal/modules/cjs/loader:1203:32)
    at Module._load (node:internal/modules/cjs/loader:1019:12)
2024-10-08 15:23:18 [31merror[39m: ReferenceError: Joi is not defined
    at Object.<anonymous> (C:\Users\DELL\OneDrive\Desktop\new test\backend\src\api\controllers\job.controller.js:65:19)
    at Module._compile (node:internal/modules/cjs/loader:1364:14)
    at Module._extensions..js (node:internal/modules/cjs/loader:1422:10)
    at Module.load (node:internal/modules/cjs/loader:1203:32)
    at Module._load (node:internal/modules/cjs/loader:1019:12)
    at Module.require (node:internal/modules/cjs/loader:1231:19)
    at require (node:internal/modules/helpers:177:18)
    at Object.<anonymous> (C:\Users\DELL\OneDrive\Desktop\new test\backend\src\api\controllers\index.js:1:32)
    at Module._compile (node:internal/modules/cjs/loader:1364:14)
    at Module._extensions..js (node:internal/modules/cjs/loader:1422:10)
    at Module.load (node:internal/modules/cjs/loader:1203:32)
    at Module._load (node:internal/modules/cjs/loader:1019:12)
    at Module.require (node:internal/modules/cjs/loader:1231:19)
    at require (node:internal/modules/helpers:177:18)
    at Object.<anonymous> (C:\Users\DELL\OneDrive\Desktop\new test\backend\src\api\routes\v1\jobs.route.js:2:27)
    at Module._compile (node:internal/modules/cjs/loader:1364:14)
2024-10-08 15:23:38 [31merror[39m: ReferenceError: Joi is not defined
    at Object.<anonymous> (C:\Users\DELL\OneDrive\Desktop\new test\backend\src\api\controllers\job.controller.js:65:19)
    at Module._compile (node:internal/modules/cjs/loader:1364:14)
    at Module._extensions..js (node:internal/modules/cjs/loader:1422:10)
    at Module.load (node:internal/modules/cjs/loader:1203:32)
    at Module._load (node:internal/modules/cjs/loader:1019:12)
    at Module.require (node:internal/modules/cjs/loader:1231:19)
    at require (node:internal/modules/helpers:177:18)
    at Object.<anonymous> (C:\Users\DELL\OneDrive\Desktop\new test\backend\src\api\controllers\index.js:1:32)
    at Module._compile (node:internal/modules/cjs/loader:1364:14)
    at Module._extensions..js (node:internal/modules/cjs/loader:1422:10)
    at Module.load (node:internal/modules/cjs/loader:1203:32)
    at Module._load (node:internal/modules/cjs/loader:1019:12)
    at Module.require (node:internal/modules/cjs/loader:1231:19)
    at require (node:internal/modules/helpers:177:18)
    at Object.<anonymous> (C:\Users\DELL\OneDrive\Desktop\new test\backend\src\api\routes\v1\jobs.route.js:2:27)
    at Module._compile (node:internal/modules/cjs/loader:1364:14)
2024-10-08 15:23:51 [31merror[39m: ReferenceError: Joi is not defined
    at Object.<anonymous> (C:\Users\DELL\OneDrive\Desktop\new test\backend\src\api\controllers\job.controller.js:64:19)
    at Module._compile (node:internal/modules/cjs/loader:1364:14)
    at Module._extensions..js (node:internal/modules/cjs/loader:1422:10)
    at Module.load (node:internal/modules/cjs/loader:1203:32)
    at Module._load (node:internal/modules/cjs/loader:1019:12)
    at Module.require (node:internal/modules/cjs/loader:1231:19)
    at require (node:internal/modules/helpers:177:18)
    at Object.<anonymous> (C:\Users\DELL\OneDrive\Desktop\new test\backend\src\api\controllers\index.js:1:32)
    at Module._compile (node:internal/modules/cjs/loader:1364:14)
    at Module._extensions..js (node:internal/modules/cjs/loader:1422:10)
    at Module.load (node:internal/modules/cjs/loader:1203:32)
    at Module._load (node:internal/modules/cjs/loader:1019:12)
    at Module.require (node:internal/modules/cjs/loader:1231:19)
    at require (node:internal/modules/helpers:177:18)
    at Object.<anonymous> (C:\Users\DELL\OneDrive\Desktop\new test\backend\src\api\routes\v1\jobs.route.js:2:27)
    at Module._compile (node:internal/modules/cjs/loader:1364:14)
